Flow report for ea2
Mon May 07 16:35:32 2018
Quartus II Version 9.1 Build 350 03/24/2010 Service Pack 2 SJ Web Edition


---------------------
; Table of Contents ;
---------------------
  1. Legal Notice
  2. Flow Summary
  3. Flow Settings
  4. Flow Non-Default Global Settings
  5. Flow Elapsed Time
  6. Flow OS Summary
  7. Flow Log



----------------
; Legal Notice ;
----------------
Copyright (C) 1991-2010 Altera Corporation
Your use of Altera Corporation's design tools, logic functions 
and other software and tools, and its AMPP partner logic 
functions, and any output files from any of the foregoing 
(including device programming or simulation files), and any 
associated documentation or information are expressly subject 
to the terms and conditions of the Altera Program License 
Subscription Agreement, Altera MegaCore Function License 
Agreement, or other applicable license agreement, including, 
without limitation, that your use is for the sole purpose of 
programming logic devices manufactured by Altera and sold by 
Altera or its authorized distributors.  Please refer to the 
applicable agreement for further details.



+-----------------------------------------------------------------------------------+
; Flow Summary                                                                      ;
+------------------------------------+----------------------------------------------+
; Flow Status                        ; Successful - Mon May 07 16:35:32 2018        ;
; Quartus II Version                 ; 9.1 Build 350 03/24/2010 SP 2 SJ Web Edition ;
; Revision Name                      ; ea2                                          ;
; Top-level Entity Name              ; Adder8_4bits                                 ;
; Family                             ; Cyclone II                                   ;
; Device                             ; EP2C35F672C6                                 ;
; Timing Models                      ; Final                                        ;
; Met timing requirements            ; Yes                                          ;
; Total logic elements               ; 11 / 33,216 ( < 1 % )                        ;
;     Total combinational functions  ; 11 / 33,216 ( < 1 % )                        ;
;     Dedicated logic registers      ; 0 / 33,216 ( 0 % )                           ;
; Total registers                    ; 0                                            ;
; Total pins                         ; 20 / 475 ( 4 % )                             ;
; Total virtual pins                 ; 0                                            ;
; Total memory bits                  ; 0 / 483,840 ( 0 % )                          ;
; Embedded Multiplier 9-bit elements ; 0 / 70 ( 0 % )                               ;
; Total PLLs                         ; 0 / 4 ( 0 % )                                ;
+------------------------------------+----------------------------------------------+


+-----------------------------------------+
; Flow Settings                           ;
+-------------------+---------------------+
; Option            ; Setting             ;
+-------------------+---------------------+
; Start date & time ; 05/07/2018 16:34:33 ;
; Main task         ; Compilation         ;
; Revision Name     ; ea2                 ;
+-------------------+---------------------+


+---------------------------------------------------------------------------------------------------------------------------------------+
; Flow Non-Default Global Settings                                                                                                      ;
+------------------------------------+--------------------------------------------------+---------------+--------------+----------------+
; Assignment Name                    ; Value                                            ; Default Value ; Entity Name  ; Section Id     ;
+------------------------------------+--------------------------------------------------+---------------+--------------+----------------+
; COMPILER_SIGNATURE_ID              ; 150929880720.152570007203948                     ; --            ; --           ; --             ;
; IP_TOOL_NAME                       ; LPM_FF                                           ; --            ; --           ; --             ;
; IP_TOOL_VERSION                    ; 9.1                                              ; --            ; --           ; --             ;
; MAX_CORE_JUNCTION_TEMP             ; 85                                               ; --            ; --           ; --             ;
; MIN_CORE_JUNCTION_TEMP             ; 0                                                ; --            ; --           ; --             ;
; MISC_FILE                          ; C:/altera/91sp2/quartus/ea2.dpf                  ; --            ; --           ; --             ;
; MISC_FILE                          ; lpm_ff0.tdf                                      ; --            ; --           ; --             ;
; MISC_FILE                          ; lpm_ff0.bsf                                      ; --            ; --           ; --             ;
; MISC_FILE                          ; lpm_ff0.inc                                      ; --            ; --           ; --             ;
; MISC_FILE                          ; E:/ergAsk123/ea2.dpf                             ; --            ; --           ; --             ;
; PARTITION_COLOR                    ; 16764057                                         ; --            ; Adder8_4bits ; Top            ;
; PARTITION_NETLIST_TYPE             ; SOURCE                                           ; --            ; Adder8_4bits ; Top            ;
; SEARCH_PATH                        ; c:/documents and settings/c1/desktop/corelibrary ; --            ; --           ; --             ;
; TOP_LEVEL_ENTITY                   ; Adder8_4bits                                     ; ea2           ; --           ; --             ;
; USE_GENERATED_PHYSICAL_CONSTRAINTS ; Off                                              ; --            ; --           ; eda_blast_fpga ;
+------------------------------------+--------------------------------------------------+---------------+--------------+----------------+


+-----------------------------------------------------------------------------------------------------------------------------+
; Flow Elapsed Time                                                                                                           ;
+-------------------------+--------------+-------------------------+---------------------+------------------------------------+
; Module Name             ; Elapsed Time ; Average Processors Used ; Peak Virtual Memory ; Total CPU Time (on all processors) ;
+-------------------------+--------------+-------------------------+---------------------+------------------------------------+
; Analysis & Synthesis    ; 00:00:14     ; 1.0                     ; 163 MB              ; 00:00:02                           ;
; Fitter                  ; 00:00:22     ; 1.0                     ; 225 MB              ; 00:00:08                           ;
; Assembler               ; 00:00:10     ; 1.0                     ; 210 MB              ; 00:00:03                           ;
; Classic Timing Analyzer ; 00:00:10     ; 1.0                     ; 115 MB              ; 00:00:00                           ;
; Total                   ; 00:00:56     ; --                      ; --                  ; 00:00:13                           ;
+-------------------------+--------------+-------------------------+---------------------+------------------------------------+


+---------------------------------------------------------------------------------------+
; Flow OS Summary                                                                       ;
+-------------------------+------------------+------------+------------+----------------+
; Module Name             ; Machine Hostname ; OS Name    ; OS Version ; Processor type ;
+-------------------------+------------------+------------+------------+----------------+
; Analysis & Synthesis    ; vlsi8            ; Windows XP ; 5.1        ; i686           ;
; Fitter                  ; vlsi8            ; Windows XP ; 5.1        ; i686           ;
; Assembler               ; vlsi8            ; Windows XP ; 5.1        ; i686           ;
; Classic Timing Analyzer ; vlsi8            ; Windows XP ; 5.1        ; i686           ;
+-------------------------+------------------+------------+------------+----------------+


------------
; Flow Log ;
------------
quartus_map --read_settings_files=on --write_settings_files=off ea02 -c ea2
quartus_fit --read_settings_files=off --write_settings_files=off ea02 -c ea2
quartus_asm --read_settings_files=off --write_settings_files=off ea02 -c ea2
quartus_tan --read_settings_files=off --write_settings_files=off ea02 -c ea2 --timing_analysis_only



