Flow report for ea05
Thu May 24 22:20:35 2018
Quartus II Version 9.1 Build 350 03/24/2010 Service Pack 2 SJ Web Edition


---------------------
; Table of Contents ;
---------------------
  1. Legal Notice
  2. Flow Summary
  3. Flow Settings
  4. Flow Non-Default Global Settings
  5. Flow Elapsed Time
  6. Flow OS Summary
  7. Flow Log



----------------
; Legal Notice ;
----------------
Copyright (C) 1991-2010 Altera Corporation
Your use of Altera Corporation's design tools, logic functions 
and other software and tools, and its AMPP partner logic 
functions, and any output files from any of the foregoing 
(including device programming or simulation files), and any 
associated documentation or information are expressly subject 
to the terms and conditions of the Altera Program License 
Subscription Agreement, Altera MegaCore Function License 
Agreement, or other applicable license agreement, including, 
without limitation, that your use is for the sole purpose of 
programming logic devices manufactured by Altera and sold by 
Altera or its authorized distributors.  Please refer to the 
applicable agreement for further details.



+-----------------------------------------------------------------------------------+
; Flow Summary                                                                      ;
+------------------------------------+----------------------------------------------+
; Flow Status                        ; Successful - Thu May 24 22:20:35 2018        ;
; Quartus II Version                 ; 9.1 Build 350 03/24/2010 SP 2 SJ Web Edition ;
; Revision Name                      ; ea05                                         ;
; Top-level Entity Name              ; Multiplier                                   ;
; Family                             ; Cyclone II                                   ;
; Device                             ; EP2C35F672C6                                 ;
; Timing Models                      ; Final                                        ;
; Met timing requirements            ; Yes                                          ;
; Total logic elements               ; 40 / 33,216 ( < 1 % )                        ;
;     Total combinational functions  ; 30 / 33,216 ( < 1 % )                        ;
;     Dedicated logic registers      ; 25 / 33,216 ( < 1 % )                        ;
; Total registers                    ; 25                                           ;
; Total pins                         ; 11 / 475 ( 2 % )                             ;
; Total virtual pins                 ; 0                                            ;
; Total memory bits                  ; 0 / 483,840 ( 0 % )                          ;
; Embedded Multiplier 9-bit elements ; 0 / 70 ( 0 % )                               ;
; Total PLLs                         ; 0 / 4 ( 0 % )                                ;
+------------------------------------+----------------------------------------------+


+-----------------------------------------+
; Flow Settings                           ;
+-------------------+---------------------+
; Option            ; Setting             ;
+-------------------+---------------------+
; Start date & time ; 05/24/2018 21:33:23 ;
; Main task         ; Compilation         ;
; Revision Name     ; ea05                ;
+-------------------+---------------------+


+------------------------------------------------------------------------------------------------------------------+
; Flow Non-Default Global Settings                                                                                 ;
+------------------------------------+------------------------------+---------------+-------------+----------------+
; Assignment Name                    ; Value                        ; Default Value ; Entity Name ; Section Id     ;
+------------------------------------+------------------------------+---------------+-------------+----------------+
; COMPILER_SIGNATURE_ID              ; 742319398085.152718680309548 ; --            ; --          ; --             ;
; MAX_CORE_JUNCTION_TEMP             ; 85                           ; --            ; --          ; --             ;
; MIN_CORE_JUNCTION_TEMP             ; 0                            ; --            ; --          ; --             ;
; PARTITION_COLOR                    ; 16764057                     ; --            ; Multiplier  ; Top            ;
; PARTITION_NETLIST_TYPE             ; SOURCE                       ; --            ; Multiplier  ; Top            ;
; SEARCH_PATH                        ; C:\altera\91sp2\CoreLibrary/ ; --            ; --          ; --             ;
; TOP_LEVEL_ENTITY                   ; Multiplier                   ; ea05          ; --          ; --             ;
; USE_GENERATED_PHYSICAL_CONSTRAINTS ; Off                          ; --            ; --          ; eda_blast_fpga ;
+------------------------------------+------------------------------+---------------+-------------+----------------+


+-----------------------------------------------------------------------------------------------------------------------------+
; Flow Elapsed Time                                                                                                           ;
+-------------------------+--------------+-------------------------+---------------------+------------------------------------+
; Module Name             ; Elapsed Time ; Average Processors Used ; Peak Virtual Memory ; Total CPU Time (on all processors) ;
+-------------------------+--------------+-------------------------+---------------------+------------------------------------+
; Analysis & Synthesis    ; 00:00:03     ; 1.0                     ; 217 MB              ; 00:00:03                           ;
; Fitter                  ; 00:00:10     ; 1.0                     ; 259 MB              ; 00:00:11                           ;
; Assembler               ; 00:00:04     ; 1.0                     ; 240 MB              ; 00:00:03                           ;
; Classic Timing Analyzer ; 00:00:01     ; 1.0                     ; 146 MB              ; 00:00:02                           ;
; Classic Timing Analyzer ; 00:00:02     ; 1.0                     ; 188 MB              ; 00:00:02                           ;
; Total                   ; 00:00:20     ; --                      ; --                  ; 00:00:21                           ;
+-------------------------+--------------+-------------------------+---------------------+------------------------------------+


+------------------------------------------------------------------------------------------+
; Flow OS Summary                                                                          ;
+-------------------------+------------------+---------------+------------+----------------+
; Module Name             ; Machine Hostname ; OS Name       ; OS Version ; Processor type ;
+-------------------------+------------------+---------------+------------+----------------+
; Analysis & Synthesis    ; KZ-PC            ; Windows Vista ; 6.1        ; i686           ;
; Fitter                  ; KZ-PC            ; Windows Vista ; 6.1        ; i686           ;
; Assembler               ; KZ-PC            ; Windows Vista ; 6.1        ; i686           ;
; Classic Timing Analyzer ; KZ-PC            ; Windows Vista ; 6.1        ; i686           ;
; Classic Timing Analyzer ; KZ-PC            ; Windows Vista ; 6.1        ; i686           ;
+-------------------------+------------------+---------------+------------+----------------+


------------
; Flow Log ;
------------
quartus_map --read_settings_files=on --write_settings_files=off ea05 -c ea05
quartus_fit --read_settings_files=off --write_settings_files=off ea05 -c ea05
quartus_asm --read_settings_files=off --write_settings_files=off ea05 -c ea05
quartus_tan --read_settings_files=off --write_settings_files=off ea05 -c ea05 --timing_analysis_only
quartus_tan --read_settings_files=on --write_settings_files=off ea05 -c ea05 --speed=6



